2023-03-28 13:42:27,759 INFO o.a.j.u.JMeterUtils: Setting Locale to en_US
2023-03-28 13:42:27,807 INFO o.a.j.JMeter: Loading user properties from: user.properties
2023-03-28 13:42:27,808 INFO o.a.j.JMeter: Loading system properties from: system.properties
2023-03-28 13:42:27,809 INFO o.a.j.JMeter: Loading additional properties from: C:\Users\Svetlana_Strechen\Performance training\apache-jmeter-5.5\apache-jmeter-5.5\bin\user.properties
2023-03-28 13:42:27,837 INFO o.a.j.JMeter: Copyright (c) 1998-2022 The Apache Software Foundation
2023-03-28 13:42:27,838 INFO o.a.j.JMeter: Version 5.5
2023-03-28 13:42:27,838 INFO o.a.j.JMeter: java.version=1.8.0_361
2023-03-28 13:42:27,838 INFO o.a.j.JMeter: java.vm.name=Java HotSpot(TM) 64-Bit Server VM
2023-03-28 13:42:27,838 INFO o.a.j.JMeter: os.name=Windows 10
2023-03-28 13:42:27,838 INFO o.a.j.JMeter: os.arch=amd64
2023-03-28 13:42:27,838 INFO o.a.j.JMeter: os.version=10.0
2023-03-28 13:42:27,838 INFO o.a.j.JMeter: file.encoding=Cp1252
2023-03-28 13:42:27,839 INFO o.a.j.JMeter: java.awt.headless=true
2023-03-28 13:42:27,839 INFO o.a.j.JMeter: Max memory     =7518289920
2023-03-28 13:42:27,839 INFO o.a.j.JMeter: Available Processors =8
2023-03-28 13:42:27,851 INFO o.a.j.JMeter: Default Locale=English (United States)
2023-03-28 13:42:27,851 INFO o.a.j.JMeter: JMeter  Locale=English (United States)
2023-03-28 13:42:27,851 INFO o.a.j.JMeter: JMeterHome=C:\Users\Svetlana_Strechen\Performance training\apache-jmeter-5.5\apache-jmeter-5.5
2023-03-28 13:42:27,852 INFO o.a.j.JMeter: user.dir  =C:\Users\Svetlana_Strechen\Performance training\apache-jmeter-5.5\apache-jmeter-5.5\bin
2023-03-28 13:42:27,853 INFO o.a.j.JMeter: PWD       =C:\Users\Svetlana_Strechen\Performance training\apache-jmeter-5.5\apache-jmeter-5.5\bin
2023-03-28 13:42:27,856 INFO o.a.j.JMeter: IP: 192.168.32.206 Name: EPLTVILW008C FullName: host.docker.internal
2023-03-28 13:42:27,919 INFO o.a.j.JMeter: Setting property 'jmeter.reportgenerator.outputdir' to:'C:\Users\Svetlana_Strechen\Performance training\apache-jmeter-5.5\apache-jmeter-5.5\bin\S_Strechen_Jmeter_task\Results\HTML_results'
2023-03-28 13:42:27,932 INFO o.a.j.r.d.ReportGenerator: ReportGenerator will use for Parsing the separator: ','
2023-03-28 13:42:27,932 INFO o.a.j.r.d.ReportGenerator: Will only generate report from results file: C:\Users\Svetlana_Strechen\Performance training\apache-jmeter-5.5\apache-jmeter-5.5\bin\S_Strechen_Jmeter_task\Results\Results.csv
2023-03-28 13:42:27,933 INFO o.a.j.r.d.ReportGenerator: Reading report generator properties from: C:\Users\Svetlana_Strechen\Performance training\apache-jmeter-5.5\apache-jmeter-5.5\bin\reportgenerator.properties
2023-03-28 13:42:27,934 INFO o.a.j.r.d.ReportGenerator: Merging with JMeter properties
2023-03-28 13:42:27,949 INFO o.a.j.r.c.ReportGeneratorConfiguration: Property 'jmeter.reportgenerator.temp_dir' not found, using default value 'temp' instead.
2023-03-28 13:42:27,956 INFO o.a.j.r.c.ReportGeneratorConfiguration: Property 'jmeter.reportgenerator.apdex_per_transaction' not found, using default value 'null' instead.
2023-03-28 13:42:27,976 INFO o.a.j.r.c.ReportGeneratorConfiguration: apdex_per_transaction is empty, not APDEX per transaction customization
2023-03-28 13:42:27,976 INFO o.a.j.r.c.ReportGeneratorConfiguration: Property 'jmeter.reportgenerator.sample_filter' not found, using default value 'null' instead.
2023-03-28 13:42:27,977 INFO o.a.j.r.c.ReportGeneratorConfiguration: Property 'jmeter.reportgenerator.report_title' not found, using default value 'null' instead.
2023-03-28 13:42:27,977 INFO o.a.j.r.c.ReportGeneratorConfiguration: Property 'jmeter.reportgenerator.start_date' not found, using default value 'null' instead.
2023-03-28 13:42:27,978 INFO o.a.j.r.c.ReportGeneratorConfiguration: Property 'jmeter.reportgenerator.end_date' not found, using default value 'null' instead.
2023-03-28 13:42:27,978 INFO o.a.j.r.c.ReportGeneratorConfiguration: Property 'jmeter.reportgenerator.date_format' not found, using default value 'null' instead.
2023-03-28 13:42:27,985 INFO o.a.j.r.c.ReportGeneratorConfiguration: Will use date range start date: null, end date: null
2023-03-28 13:42:27,999 INFO o.a.j.r.c.ReportGeneratorConfiguration: Property 'jmeter.reportgenerator.graph.totalTPS.exclude_controllers' not found, using default value 'false' instead.
2023-03-28 13:42:28,000 INFO o.a.j.r.c.ReportGeneratorConfiguration: Property 'jmeter.reportgenerator.graph.activeThreadsOverTime.exclude_controllers' not found, using default value 'false' instead.
2023-03-28 13:42:28,000 INFO o.a.j.r.c.ReportGeneratorConfiguration: Property 'jmeter.reportgenerator.graph.timeVsThreads.exclude_controllers' not found, using default value 'false' instead.
2023-03-28 13:42:28,001 INFO o.a.j.r.c.ReportGeneratorConfiguration: Property 'jmeter.reportgenerator.graph.responseTimeDistribution.exclude_controllers' not found, using default value 'false' instead.
2023-03-28 13:42:28,001 INFO o.a.j.r.c.ReportGeneratorConfiguration: Property 'jmeter.reportgenerator.graph.transactionsPerSecond.exclude_controllers' not found, using default value 'false' instead.
2023-03-28 13:42:28,002 INFO o.a.j.r.c.ReportGeneratorConfiguration: Property 'jmeter.reportgenerator.graph.responseTimePercentiles.exclude_controllers' not found, using default value 'false' instead.
2023-03-28 13:42:28,002 INFO o.a.j.r.c.ReportGeneratorConfiguration: Property 'jmeter.reportgenerator.graph.responseTimePercentilesOverTime.exclude_controllers' not found, using default value 'false' instead.
2023-03-28 13:42:28,003 INFO o.a.j.r.c.ReportGeneratorConfiguration: Property 'jmeter.reportgenerator.graph.responseTimesOverTime.exclude_controllers' not found, using default value 'false' instead.
2023-03-28 13:42:28,003 INFO o.a.j.r.c.ReportGeneratorConfiguration: Property 'jmeter.reportgenerator.graph.connectTimeOverTime.exclude_controllers' not found, using default value 'false' instead.
2023-03-28 13:42:28,003 INFO o.a.j.r.c.ReportGeneratorConfiguration: Property 'jmeter.reportgenerator.graph.latenciesOverTime.exclude_controllers' not found, using default value 'false' instead.
2023-03-28 13:42:28,007 INFO o.a.j.r.c.ReportGeneratorConfiguration: Property 'jmeter.reportgenerator.exporter.json.filters_only_sample_series' not found, using default value 'true' instead.
2023-03-28 13:42:28,008 INFO o.a.j.r.c.ReportGeneratorConfiguration: Property 'jmeter.reportgenerator.exporter.json.series_filter' not found, using default value '' instead.
2023-03-28 13:42:28,008 INFO o.a.j.r.c.ReportGeneratorConfiguration: Property 'jmeter.reportgenerator.exporter.json.show_controllers_only' not found, using default value 'false' instead.
2023-03-28 13:42:28,009 INFO o.a.j.r.c.ReportGeneratorConfiguration: Property 'jmeter.reportgenerator.exporter.html.filters_only_sample_series' not found, using default value 'true' instead.
2023-03-28 13:42:28,010 INFO o.a.j.r.c.ReportGeneratorConfiguration: Property 'jmeter.reportgenerator.exporter.html.series_filter' not found, using default value '' instead.
2023-03-28 13:42:28,010 INFO o.a.j.r.c.ReportGeneratorConfiguration: Property 'jmeter.reportgenerator.exporter.html.show_controllers_only' not found, using default value 'false' instead.
2023-03-28 13:42:28,450 INFO o.a.j.s.SaveService: Testplan (JMX) version: 2.2. Testlog (JTL) version: 2.2
2023-03-28 13:42:28,521 INFO o.a.j.s.SaveService: Using SaveService properties file encoding UTF-8
2023-03-28 13:42:28,536 INFO o.a.j.s.SaveService: Using SaveService properties version 5.0
2023-03-28 13:42:28,636 INFO o.a.j.r.p.NormalizerSampleConsumer: Using format, 'ms', to parse timeStamp field
2023-03-28 13:42:29,683 INFO o.a.j.r.p.AbstractSampleConsumer: class org.apache.jmeter.report.processor.AggregateConsumer#stopProducing(): beginDate produced 0 samples
2023-03-28 13:42:29,685 INFO o.a.j.r.p.AbstractSampleConsumer: class org.apache.jmeter.report.processor.AggregateConsumer#stopProducing(): endDate produced 0 samples
2023-03-28 13:42:29,692 INFO o.a.j.r.p.AbstractSampleConsumer: class org.apache.jmeter.report.processor.ApdexSummaryConsumer#stopProducing(): apdexSummary produced 0 samples
2023-03-28 13:42:29,692 INFO o.a.j.r.p.AbstractSampleConsumer: class org.apache.jmeter.report.processor.RequestsSummaryConsumer#stopProducing(): requestsSummary produced 0 samples
2023-03-28 13:42:29,714 INFO o.a.j.r.p.AbstractSampleConsumer: class org.apache.jmeter.report.processor.StatisticsSummaryConsumer#stopProducing(): statisticsSummary produced 0 samples
2023-03-28 13:42:29,725 INFO o.a.j.r.p.AbstractSampleConsumer: class org.apache.jmeter.report.processor.Top5ErrorsBySamplerConsumer#stopProducing(): top5ErrorsBySampler produced 0 samples
2023-03-28 13:42:29,725 INFO o.a.j.r.p.AbstractSampleConsumer: class org.apache.jmeter.report.processor.ErrorsSummaryConsumer#stopProducing(): errorsSummary produced 0 samples
2023-03-28 13:42:29,725 INFO o.a.j.r.p.AbstractSampleConsumer: class org.apache.jmeter.report.processor.graph.impl.HitsPerSecondGraphConsumer#stopProducing(): hitsPerSecond produced 0 samples
2023-03-28 13:42:29,799 INFO o.a.j.r.p.AbstractSampleConsumer: class org.apache.jmeter.report.processor.graph.impl.LatencyVSRequestGraphConsumer#stopProducing(): latencyVsRequest produced 0 samples
2023-03-28 13:42:29,800 INFO o.a.j.r.p.AbstractSampleConsumer: class org.apache.jmeter.report.processor.graph.impl.SyntheticResponseTimeDistributionGraphConsumer#stopProducing(): syntheticResponseTimeDistribution produced 0 samples
2023-03-28 13:42:29,801 INFO o.a.j.r.p.AbstractSampleConsumer: class org.apache.jmeter.report.processor.graph.impl.BytesThroughputGraphConsumer#stopProducing(): bytesThroughputOverTime produced 0 samples
2023-03-28 13:42:29,801 INFO o.a.j.r.p.AbstractSampleConsumer: class org.apache.jmeter.report.processor.graph.impl.CodesPerSecondGraphConsumer#stopProducing(): codesPerSecond produced 0 samples
2023-03-28 13:42:29,831 INFO o.a.j.r.p.AbstractSampleConsumer: class org.apache.jmeter.report.processor.graph.impl.ResponseTimeVSRequestGraphConsumer#stopProducing(): responseTimeVsRequest produced 0 samples
2023-03-28 13:42:29,832 INFO o.a.j.r.p.AbstractSampleConsumer: class org.apache.jmeter.report.processor.FilterConsumer#stopProducing(): startIntervalControlerFilter produced 9548 samples
2023-03-28 13:42:29,852 INFO o.a.j.r.p.AbstractSampleConsumer: class org.apache.jmeter.report.processor.graph.impl.TotalTPSGraphConsumer#stopProducing(): totalTPS produced 0 samples
2023-03-28 13:42:29,852 INFO o.a.j.r.p.AbstractSampleConsumer: class org.apache.jmeter.report.processor.graph.impl.ActiveThreadsGraphConsumer#stopProducing(): activeThreadsOverTime produced 0 samples
2023-03-28 13:42:29,853 INFO o.a.j.r.p.AbstractSampleConsumer: class org.apache.jmeter.report.processor.graph.impl.TimeVSThreadGraphConsumer#stopProducing(): timeVsThreads produced 0 samples
2023-03-28 13:42:29,863 INFO o.a.j.r.p.AbstractSampleConsumer: class org.apache.jmeter.report.processor.graph.impl.ResponseTimeDistributionGraphConsumer#stopProducing(): responseTimeDistribution produced 0 samples
2023-03-28 13:42:29,866 INFO o.a.j.r.p.AbstractSampleConsumer: class org.apache.jmeter.report.processor.graph.impl.TransactionsPerSecondGraphConsumer#stopProducing(): transactionsPerSecond produced 0 samples
2023-03-28 13:42:29,868 INFO o.a.j.r.p.AbstractSampleConsumer: class org.apache.jmeter.report.processor.graph.impl.ResponseTimePercentilesGraphConsumer#stopProducing(): responseTimePercentiles produced 0 samples
2023-03-28 13:42:29,890 INFO o.a.j.r.p.AbstractSampleConsumer: class org.apache.jmeter.report.processor.graph.impl.ResponseTimePercentilesOverTimeGraphConsumer#stopProducing(): responseTimePercentilesOverTime produced 0 samples
2023-03-28 13:42:29,890 INFO o.a.j.r.p.AbstractSampleConsumer: class org.apache.jmeter.report.processor.graph.impl.ResponseTimeOverTimeGraphConsumer#stopProducing(): responseTimesOverTime produced 0 samples
2023-03-28 13:42:29,891 INFO o.a.j.r.p.AbstractSampleConsumer: class org.apache.jmeter.report.processor.graph.impl.ConnectTimeOverTimeGraphConsumer#stopProducing(): connectTimeOverTime produced 0 samples
2023-03-28 13:42:29,891 INFO o.a.j.r.p.AbstractSampleConsumer: class org.apache.jmeter.report.processor.graph.impl.LatencyOverTimeGraphConsumer#stopProducing(): latenciesOverTime produced 0 samples
2023-03-28 13:42:29,893 INFO o.a.j.r.p.AbstractSampleConsumer: class org.apache.jmeter.report.processor.FilterConsumer#stopProducing(): nameFilter produced 21105 samples
2023-03-28 13:42:29,893 INFO o.a.j.r.p.AbstractSampleConsumer: class org.apache.jmeter.report.processor.FilterConsumer#stopProducing(): dateRangeFilter produced 4221 samples
2023-03-28 13:42:29,893 INFO o.a.j.r.p.AbstractSampleConsumer: class org.apache.jmeter.report.processor.NormalizerSampleConsumer#stopProducing(): normalizer produced 1407 samples
2023-03-28 13:42:29,895 INFO o.a.j.r.p.CsvFileSampleSource: produce(): 1407 samples produced in 1s 164 ms on channel 0
2023-03-28 13:42:29,895 INFO o.a.j.r.d.ReportGenerator: Exporting data using exporter:'json' of className:'org.apache.jmeter.report.dashboard.JsonExporter'
2023-03-28 13:42:30,264 INFO o.a.j.r.d.JsonExporter: Found data for consumer statisticsSummary in context
2023-03-28 13:42:30,264 INFO o.a.j.r.d.JsonExporter: Creating statistics for overall
2023-03-28 13:42:30,266 INFO o.a.j.r.d.JsonExporter: Creating statistics for other transactions
2023-03-28 13:42:30,267 INFO o.a.j.r.d.JsonExporter: Checking output folder
2023-03-28 13:42:30,268 INFO o.a.j.r.d.JsonExporter: Writing statistics JSON to C:\Users\Svetlana_Strechen\Performance training\apache-jmeter-5.5\apache-jmeter-5.5\bin\S_Strechen_Jmeter_task\Results\HTML_results\statistics.json
2023-03-28 13:42:30,383 INFO o.a.j.r.d.ReportGenerator: Exporting data using exporter:'html' of className:'org.apache.jmeter.report.dashboard.HtmlTemplateExporter'
2023-03-28 13:42:30,389 INFO o.a.j.r.d.HtmlTemplateExporter: Will generate dashboard in folder: C:\Users\Svetlana_Strechen\Performance training\apache-jmeter-5.5\apache-jmeter-5.5\bin\S_Strechen_Jmeter_task\Results\HTML_results
2023-03-28 13:42:30,861 INFO o.a.j.r.d.HtmlTemplateExporter: Report will be generated in: C:\Users\Svetlana_Strechen\Performance training\apache-jmeter-5.5\apache-jmeter-5.5\bin\S_Strechen_Jmeter_task\Results\HTML_results, creating folder structure
2023-03-28 13:42:30,865 INFO o.a.j.r.d.TemplateVisitor: Copying folder from 'C:\Users\Svetlana_Strechen\Performance training\apache-jmeter-5.5\apache-jmeter-5.5\bin\report-template' to 'C:\Users\Svetlana_Strechen\Performance training\apache-jmeter-5.5\apache-jmeter-5.5\bin\S_Strechen_Jmeter_task\Results\HTML_results', got message: C:\Users\Svetlana_Strechen\Performance training\apache-jmeter-5.5\apache-jmeter-5.5\bin\S_Strechen_Jmeter_task\Results\HTML_results, found non empty folder with following content [C:\Users\Svetlana_Strechen\Performance training\apache-jmeter-5.5\apache-jmeter-5.5\bin\S_Strechen_Jmeter_task\Results\HTML_results\statistics.json], will be ignored
